This file contains any messages produced by compilers while
running configure, to aid debugging if configure makes a mistake.

It was created by swig configure 2.0.6, which was
generated by GNU Autoconf 2.69.  Invocation command line was

  $ ./configure 

## --------- ##
## Platform. ##
## --------- ##

hostname = localhost
uname -m = x86_64
uname -r = 16.6.0
uname -s = Darwin
uname -v = Darwin Kernel Version 16.6.0: Fri Apr 14 16:21:16 PDT 2017; root:xnu-3789.60.24~6/RELEASE_X86_64

/usr/bin/uname -p = i386
/bin/uname -X     = unknown

/bin/arch              = unknown
/usr/bin/arch -k       = unknown
/usr/convex/getsysinfo = unknown
/usr/bin/hostinfo      = Mach kernel version:
	 Darwin Kernel Version 16.6.0: Fri Apr 14 16:21:16 PDT 2017; root:xnu-3789.60.24~6/RELEASE_X86_64
Kernel configured for up to 4 processors.
2 processors are physically available.
4 processors are logically available.
Processor type: x86_64h (Intel x86-64h Haswell)
Processors active: 0 1 2 3
Primary memory available: 8.00 gigabytes
Default processor set: 289 tasks, 1134 threads, 4 processors
Load average: 2.57, Mach factor: 1.83
/bin/machine           = unknown
/usr/bin/oslevel       = unknown
/bin/universe          = unknown

PATH: /Users/zhangpeng/Library/Android/sdk/platform-tools
PATH: /Users/zhangpeng/bin/FDK/Tools/osx/
PATH: /usr/local/include/glib-2.0/
PATH: /Users/zhangpeng/depot_tools
PATH: /usr/local/include/
PATH: /usr/local/bin
PATH: /usr/bin
PATH: /bin
PATH: /usr/sbin
PATH: /sbin
PATH: .


## ----------- ##
## Core tests. ##
## ----------- ##

configure:2722: checking build system type
configure:2736: result: x86_64-apple-darwin16.6.0
configure:2756: checking host system type
configure:2769: result: x86_64-apple-darwin16.6.0
configure:2805: checking for a BSD-compatible install
configure:2873: result: /usr/local/bin/ginstall -c
configure:2884: checking whether build environment is sane
configure:2939: result: yes
configure:3090: checking for a thread-safe mkdir -p
configure:3129: result: /usr/local/bin/gmkdir -p
configure:3136: checking for gawk
configure:3152: found /usr/local/bin/gawk
configure:3163: result: gawk
configure:3174: checking whether make sets $(MAKE)
configure:3196: result: yes
configure:3225: checking whether make supports nested variables
configure:3242: result: yes
configure:3419: checking for gcc
configure:3435: found /usr/bin/gcc
configure:3446: result: gcc
configure:3675: checking for C compiler version
configure:3684: gcc --version >&5
Apple LLVM version 8.1.0 (clang-802.0.42)
Target: x86_64-apple-darwin16.6.0
Thread model: posix
InstalledDir: /Applications/Xcode.app/Contents/Developer/Toolchains/XcodeDefault.xctoolchain/usr/bin
Configured with: --prefix=/Applications/Xcode.app/Contents/Developer/usr --with-gxx-include-dir=/Applications/Xcode.app/Contents/Developer/Platforms/MacOSX.platform/Developer/SDKs/MacOSX10.12.sdk/usr/include/c++/4.2.1
configure:3695: $? = 0
configure:3684: gcc -v >&5
Configured with: --prefix=/Applications/Xcode.app/Contents/Developer/usr --with-gxx-include-dir=/Applications/Xcode.app/Contents/Developer/Platforms/MacOSX.platform/Developer/SDKs/MacOSX10.12.sdk/usr/include/c++/4.2.1
Apple LLVM version 8.1.0 (clang-802.0.42)
Target: x86_64-apple-darwin16.6.0
Thread model: posix
InstalledDir: /Applications/Xcode.app/Contents/Developer/Toolchains/XcodeDefault.xctoolchain/usr/bin
configure:3695: $? = 0
configure:3684: gcc -V >&5
clang: error: argument to '-V' is missing (expected 1 value)
clang: error: no input files
configure:3695: $? = 1
configure:3684: gcc -qversion >&5
clang: error: unknown argument: '-qversion'
clang: error: no input files
configure:3695: $? = 1
configure:3715: checking whether the C compiler works
configure:3737: gcc    conftest.c  >&5
configure:3741: $? = 0
configure:3789: result: yes
configure:3792: checking for C compiler default output file name
configure:3794: result: a.out
configure:3800: checking for suffix of executables
configure:3807: gcc -o conftest    conftest.c  >&5
configure:3811: $? = 0
configure:3833: result: 
configure:3855: checking whether we are cross compiling
configure:3863: gcc -o conftest    conftest.c  >&5
configure:3867: $? = 0
configure:3874: ./conftest
configure:3878: $? = 0
configure:3893: result: no
configure:3898: checking for suffix of object files
configure:3920: gcc -c   conftest.c >&5
configure:3924: $? = 0
configure:3945: result: o
configure:3949: checking whether we are using the GNU C compiler
configure:3968: gcc -c   conftest.c >&5
configure:3968: $? = 0
configure:3977: result: yes
configure:3986: checking whether gcc accepts -g
configure:4006: gcc -c -g  conftest.c >&5
configure:4006: $? = 0
configure:4047: result: yes
configure:4064: checking for gcc option to accept ISO C89
configure:4127: gcc  -c -g -O2  conftest.c >&5
configure:4127: $? = 0
configure:4140: result: none needed
configure:4165: checking whether gcc understands -c and -o together
configure:4187: gcc -c conftest.c -o conftest2.o
configure:4190: $? = 0
configure:4187: gcc -c conftest.c -o conftest2.o
configure:4190: $? = 0
configure:4202: result: yes
configure:4230: checking for style of include used by make
configure:4258: result: GNU
configure:4284: checking dependency style of gcc
configure:4395: result: gcc3
configure:4468: checking for g++
configure:4484: found /usr/bin/g++
configure:4495: result: g++
configure:4522: checking for C++ compiler version
configure:4531: g++ --version >&5
Apple LLVM version 8.1.0 (clang-802.0.42)
Target: x86_64-apple-darwin16.6.0
Thread model: posix
InstalledDir: /Applications/Xcode.app/Contents/Developer/Toolchains/XcodeDefault.xctoolchain/usr/bin
Configured with: --prefix=/Applications/Xcode.app/Contents/Developer/usr --with-gxx-include-dir=/Applications/Xcode.app/Contents/Developer/Platforms/MacOSX.platform/Developer/SDKs/MacOSX10.12.sdk/usr/include/c++/4.2.1
configure:4542: $? = 0
configure:4531: g++ -v >&5
Configured with: --prefix=/Applications/Xcode.app/Contents/Developer/usr --with-gxx-include-dir=/Applications/Xcode.app/Contents/Developer/Platforms/MacOSX.platform/Developer/SDKs/MacOSX10.12.sdk/usr/include/c++/4.2.1
Apple LLVM version 8.1.0 (clang-802.0.42)
Target: x86_64-apple-darwin16.6.0
Thread model: posix
InstalledDir: /Applications/Xcode.app/Contents/Developer/Toolchains/XcodeDefault.xctoolchain/usr/bin
configure:4542: $? = 0
configure:4531: g++ -V >&5
clang: error: argument to '-V' is missing (expected 1 value)
clang: error: no input files
configure:4542: $? = 1
configure:4531: g++ -qversion >&5
clang: error: unknown argument: '-qversion'
clang: error: no input files
configure:4542: $? = 1
configure:4546: checking whether we are using the GNU C++ compiler
configure:4565: g++ -c   conftest.cpp >&5
configure:4565: $? = 0
configure:4574: result: yes
configure:4583: checking whether g++ accepts -g
configure:4603: g++ -c -g  conftest.cpp >&5
configure:4603: $? = 0
configure:4644: result: yes
configure:4669: checking dependency style of g++
configure:4780: result: gcc3
configure:4800: checking maximum warning verbosity option
configure:4838: result: -Wall -W -ansi -pedantic for C++ -Wall -W -ansi -pedantic for C
configure:4861: checking how to run the C preprocessor
configure:4892: gcc -E  conftest.c
configure:4892: $? = 0
configure:4906: gcc -E  conftest.c
conftest.c:13:10: fatal error: 'ac_nonexistent.h' file not found
#include <ac_nonexistent.h>
         ^
1 error generated.
configure:4906: $? = 1
configure: failed program was:
| /* confdefs.h */
| #define PACKAGE_NAME "swig"
| #define PACKAGE_TARNAME "swig"
| #define PACKAGE_VERSION "2.0.6"
| #define PACKAGE_STRING "swig 2.0.6"
| #define PACKAGE_BUGREPORT "http://www.swig.org"
| #define PACKAGE_URL ""
| #define PACKAGE "swig"
| #define VERSION "2.0.6"
| #define SWIG_CXX "g++"
| #define SWIG_PLATFORM "x86_64-apple-darwin16.6.0"
| /* end confdefs.h.  */
| #include <ac_nonexistent.h>
configure:4931: result: gcc -E
configure:4951: gcc -E  conftest.c
configure:4951: $? = 0
configure:4965: gcc -E  conftest.c
conftest.c:13:10: fatal error: 'ac_nonexistent.h' file not found
#include <ac_nonexistent.h>
         ^
1 error generated.
configure:4965: $? = 1
configure: failed program was:
| /* confdefs.h */
| #define PACKAGE_NAME "swig"
| #define PACKAGE_TARNAME "swig"
| #define PACKAGE_VERSION "2.0.6"
| #define PACKAGE_STRING "swig 2.0.6"
| #define PACKAGE_BUGREPORT "http://www.swig.org"
| #define PACKAGE_URL ""
| #define PACKAGE "swig"
| #define VERSION "2.0.6"
| #define SWIG_CXX "g++"
| #define SWIG_PLATFORM "x86_64-apple-darwin16.6.0"
| /* end confdefs.h.  */
| #include <ac_nonexistent.h>
configure:4994: checking for grep that handles long lines and -e
configure:5052: result: /usr/bin/grep
configure:5057: checking for egrep
configure:5119: result: /usr/bin/grep -E
configure:5124: checking for ANSI C header files
configure:5144: gcc -c -g -O2 -Wall -W -ansi -pedantic  conftest.c >&5
configure:5144: $? = 0
configure:5217: gcc -o conftest -g -O2 -Wall -W -ansi -pedantic   conftest.c  >&5
configure:5217: $? = 0
configure:5217: ./conftest
configure:5217: $? = 0
configure:5228: result: yes
configure:5249: checking for sys/types.h
configure:5249: g++ -c -g -O2 -Wall -W -ansi -pedantic  conftest.cpp >&5
configure:5249: $? = 0
configure:5249: result: yes
configure:5249: checking for sys/stat.h
configure:5249: g++ -c -g -O2 -Wall -W -ansi -pedantic  conftest.cpp >&5
configure:5249: $? = 0
configure:5249: result: yes
configure:5249: checking for stdlib.h
configure:5249: g++ -c -g -O2 -Wall -W -ansi -pedantic  conftest.cpp >&5
configure:5249: $? = 0
configure:5249: result: yes
configure:5249: checking for string.h
configure:5249: g++ -c -g -O2 -Wall -W -ansi -pedantic  conftest.cpp >&5
configure:5249: $? = 0
configure:5249: result: yes
configure:5249: checking for memory.h
configure:5249: g++ -c -g -O2 -Wall -W -ansi -pedantic  conftest.cpp >&5
configure:5249: $? = 0
configure:5249: result: yes
configure:5249: checking for strings.h
configure:5249: g++ -c -g -O2 -Wall -W -ansi -pedantic  conftest.cpp >&5
configure:5249: $? = 0
configure:5249: result: yes
configure:5249: checking for inttypes.h
configure:5249: g++ -c -g -O2 -Wall -W -ansi -pedantic  conftest.cpp >&5
configure:5249: $? = 0
configure:5249: result: yes
configure:5249: checking for stdint.h
configure:5249: g++ -c -g -O2 -Wall -W -ansi -pedantic  conftest.cpp >&5
configure:5249: $? = 0
configure:5249: result: yes
configure:5249: checking for unistd.h
configure:5249: g++ -c -g -O2 -Wall -W -ansi -pedantic  conftest.cpp >&5
configure:5249: $? = 0
configure:5249: result: yes
configure:5261: checking for bool
configure:5261: g++ -c -g -O2 -Wall -W -ansi -pedantic  conftest.cpp >&5
configure:5261: $? = 0
configure:5261: g++ -c -g -O2 -Wall -W -ansi -pedantic  conftest.cpp >&5
conftest.cpp:59:19: error: expected expression
if (sizeof ((bool)))
                  ^
1 error generated.
configure:5261: $? = 1
configure: failed program was:
| /* confdefs.h */
| #define PACKAGE_NAME "swig"
| #define PACKAGE_TARNAME "swig"
| #define PACKAGE_VERSION "2.0.6"
| #define PACKAGE_STRING "swig 2.0.6"
| #define PACKAGE_BUGREPORT "http://www.swig.org"
| #define PACKAGE_URL ""
| #define PACKAGE "swig"
| #define VERSION "2.0.6"
| #define SWIG_CXX "g++"
| #define SWIG_PLATFORM "x86_64-apple-darwin16.6.0"
| #define STDC_HEADERS 1
| #define HAVE_SYS_TYPES_H 1
| #define HAVE_SYS_STAT_H 1
| #define HAVE_STDLIB_H 1
| #define HAVE_STRING_H 1
| #define HAVE_MEMORY_H 1
| #define HAVE_STRINGS_H 1
| #define HAVE_INTTYPES_H 1
| #define HAVE_STDINT_H 1
| #define HAVE_UNISTD_H 1
| /* end confdefs.h.  */
| #include <stdio.h>
| #ifdef HAVE_SYS_TYPES_H
| # include <sys/types.h>
| #endif
| #ifdef HAVE_SYS_STAT_H
| # include <sys/stat.h>
| #endif
| #ifdef STDC_HEADERS
| # include <stdlib.h>
| # include <stddef.h>
| #else
| # ifdef HAVE_STDLIB_H
| #  include <stdlib.h>
| # endif
| #endif
| #ifdef HAVE_STRING_H
| # if !defined STDC_HEADERS && defined HAVE_MEMORY_H
| #  include <memory.h>
| # endif
| # include <string.h>
| #endif
| #ifdef HAVE_STRINGS_H
| # include <strings.h>
| #endif
| #ifdef HAVE_INTTYPES_H
| # include <inttypes.h>
| #endif
| #ifdef HAVE_STDINT_H
| # include <stdint.h>
| #endif
| #ifdef HAVE_UNISTD_H
| # include <unistd.h>
| #endif
| int
| main ()
| {
| if (sizeof ((bool)))
| 	    return 0;
|   ;
|   return 0;
| }
configure:5261: result: yes
configure:5288: checking for popen
configure:5288: gcc -o conftest -g -O2 -Wall -W -ansi -pedantic   conftest.c  >&5
configure:5288: $? = 0
configure:5288: result: yes
configure:5312: checking whether to enable PCRE support
configure:5314: result: yes
configure:5318: checking whether to use local PCRE
configure:5327: result: no
configure:5330: checking for a sed that does not truncate output
configure:5394: result: /usr/local/bin/sed
configure:5464: checking for pcre-config
configure:5482: found /usr/local/bin/pcre-config
configure:5494: result: /usr/local/bin/pcre-config
configure:5664: checking whether to enable ccache-swig
configure:5666: result: yes
configure:5688: checking for bison
configure:5704: found /usr/bin/bison
configure:5715: result: bison -y
configure:5770: checking for ranlib
configure:5786: found /usr/bin/ranlib
configure:5797: result: ranlib
configure:5823: checking for ar
configure:5839: found /usr/bin/ar
configure:5850: result: ar
configure:5867: checking for yodl2man
configure:5897: result: no
configure:5909: checking for yodl2html
configure:5939: result: no
configure:6003: checking for boostlib >= 1.20.0
configure:6072: g++ -c -g -O2 -Wall -W -ansi -pedantic  -I/usr/local/Cellar/pcre/8.40/include  conftest.cpp >&5
conftest.cpp:27:14: fatal error: 'boost/version.hpp' file not found
    #include <boost/version.hpp>
             ^
1 error generated.
configure:6072: $? = 1
configure: failed program was:
| /* confdefs.h */
| #define PACKAGE_NAME "swig"
| #define PACKAGE_TARNAME "swig"
| #define PACKAGE_VERSION "2.0.6"
| #define PACKAGE_STRING "swig 2.0.6"
| #define PACKAGE_BUGREPORT "http://www.swig.org"
| #define PACKAGE_URL ""
| #define PACKAGE "swig"
| #define VERSION "2.0.6"
| #define SWIG_CXX "g++"
| #define SWIG_PLATFORM "x86_64-apple-darwin16.6.0"
| #define STDC_HEADERS 1
| #define HAVE_SYS_TYPES_H 1
| #define HAVE_SYS_STAT_H 1
| #define HAVE_STDLIB_H 1
| #define HAVE_STRING_H 1
| #define HAVE_MEMORY_H 1
| #define HAVE_STRINGS_H 1
| #define HAVE_INTTYPES_H 1
| #define HAVE_STDINT_H 1
| #define HAVE_UNISTD_H 1
| #define HAVE_BOOL 1
| #define HAVE_POPEN 1
| #define HAVE_PCRE 1
| /* end confdefs.h.  */
| 
|     #include <boost/version.hpp>
| 
| int
| main ()
| {
| 
|     #if BOOST_VERSION >= 102000
|     // Everything is okay
|     #else
|     #  error Boost version is too old
|     #endif
| 
|   ;
|   return 0;
| }
configure:6178: g++ -c -g -O2 -Wall -W -ansi -pedantic  -I/usr/local/Cellar/pcre/8.40/include  -I/include/boost-0 conftest.cpp >&5
conftest.cpp:27:18: fatal error: 'boost/version.hpp' file not found
        #include <boost/version.hpp>
                 ^
1 error generated.
configure:6178: $? = 1
configure: failed program was:
| /* confdefs.h */
| #define PACKAGE_NAME "swig"
| #define PACKAGE_TARNAME "swig"
| #define PACKAGE_VERSION "2.0.6"
| #define PACKAGE_STRING "swig 2.0.6"
| #define PACKAGE_BUGREPORT "http://www.swig.org"
| #define PACKAGE_URL ""
| #define PACKAGE "swig"
| #define VERSION "2.0.6"
| #define SWIG_CXX "g++"
| #define SWIG_PLATFORM "x86_64-apple-darwin16.6.0"
| #define STDC_HEADERS 1
| #define HAVE_SYS_TYPES_H 1
| #define HAVE_SYS_STAT_H 1
| #define HAVE_STDLIB_H 1
| #define HAVE_STRING_H 1
| #define HAVE_MEMORY_H 1
| #define HAVE_STRINGS_H 1
| #define HAVE_INTTYPES_H 1
| #define HAVE_STDINT_H 1
| #define HAVE_UNISTD_H 1
| #define HAVE_BOOL 1
| #define HAVE_POPEN 1
| #define HAVE_PCRE 1
| /* end confdefs.h.  */
| 
|         #include <boost/version.hpp>
| 
| int
| main ()
| {
| 
|         #if BOOST_VERSION >= 102000
|         // Everything is okay
|         #else
|         #  error Boost version is too old
|         #endif
| 
|   ;
|   return 0;
| }
configure:6197: We could not detect the boost libraries (version 1.20 or higher). If you have a staged boost library (still not installed) please specify $BOOST_ROOT in your environment and do not give a PATH to --with-boost option.  If you are sure you have boost installed, then check your version number looking in <boost/version.hpp>. See http://randspringer.de/boost for more documentation.
configure:6232: checking SO
configure:6243: result: .bundle
configure:6250: checking LDSHARED
configure:6299: result: cc -bundle -undefined suppress -flat_namespace
configure:6305: checking CXXSHARED
configure:6311: result: cc -bundle -undefined suppress -flat_namespace
configure:6315: checking TRYLINKINGWITHCXX
configure:6340: result: CXXSHARED= g++ -bundle -undefined suppress -flat_namespace
configure:6344: checking CCSHARED
configure:6363: result: 
configure:6367: checking RPATH
configure:6378: result: 
configure:6384: checking LINKFORSHARED
configure:6398: result: 
configure:6402: checking PLATFLAGS
configure:6412: result: 
configure:6465: checking for dlopen in -ldl
configure:6490: gcc -o conftest -g -O2 -Wall -W -ansi -pedantic  -I/usr/local/Cellar/pcre/8.40/include  conftest.c -ldl   -L/usr/local/Cellar/pcre/8.40/lib -lpcre >&5
configure:6490: $? = 0
configure:6499: result: yes
configure:6510: checking for shl_load in -ldld
configure:6535: gcc -o conftest -g -O2 -Wall -W -ansi -pedantic  -I/usr/local/Cellar/pcre/8.40/include  conftest.c -ldld  -ldl  -L/usr/local/Cellar/pcre/8.40/lib -lpcre >&5
ld: library not found for -ldld
clang: error: linker command failed with exit code 1 (use -v to see invocation)
configure:6535: $? = 1
configure: failed program was:
| /* confdefs.h */
| #define PACKAGE_NAME "swig"
| #define PACKAGE_TARNAME "swig"
| #define PACKAGE_VERSION "2.0.6"
| #define PACKAGE_STRING "swig 2.0.6"
| #define PACKAGE_BUGREPORT "http://www.swig.org"
| #define PACKAGE_URL ""
| #define PACKAGE "swig"
| #define VERSION "2.0.6"
| #define SWIG_CXX "g++"
| #define SWIG_PLATFORM "x86_64-apple-darwin16.6.0"
| #define STDC_HEADERS 1
| #define HAVE_SYS_TYPES_H 1
| #define HAVE_SYS_STAT_H 1
| #define HAVE_STDLIB_H 1
| #define HAVE_STRING_H 1
| #define HAVE_MEMORY_H 1
| #define HAVE_STRINGS_H 1
| #define HAVE_INTTYPES_H 1
| #define HAVE_STDINT_H 1
| #define HAVE_UNISTD_H 1
| #define HAVE_BOOL 1
| #define HAVE_POPEN 1
| #define HAVE_PCRE 1
| #define HAVE_LIBDL 1
| /* end confdefs.h.  */
| 
| /* Override any GCC internal prototype to avoid an error.
|    Use char because int might match the return type of a GCC
|    builtin and then its argument prototype would still apply.  */
| #ifdef __cplusplus
| extern "C"
| #endif
| char shl_load ();
| int
| main ()
| {
| return shl_load ();
|   ;
|   return 0;
| }
configure:6544: result: no
configure:6556: checking for library containing t_open
configure:6587: gcc -o conftest -g -O2 -Wall -W -ansi -pedantic  -I/usr/local/Cellar/pcre/8.40/include  conftest.c -ldl  -L/usr/local/Cellar/pcre/8.40/lib -lpcre >&5
Undefined symbols for architecture x86_64:
  "_t_open", referenced from:
      _main in conftest-2737bd.o
ld: symbol(s) not found for architecture x86_64
clang: error: linker command failed with exit code 1 (use -v to see invocation)
configure:6587: $? = 1
configure: failed program was:
| /* confdefs.h */
| #define PACKAGE_NAME "swig"
| #define PACKAGE_TARNAME "swig"
| #define PACKAGE_VERSION "2.0.6"
| #define PACKAGE_STRING "swig 2.0.6"
| #define PACKAGE_BUGREPORT "http://www.swig.org"
| #define PACKAGE_URL ""
| #define PACKAGE "swig"
| #define VERSION "2.0.6"
| #define SWIG_CXX "g++"
| #define SWIG_PLATFORM "x86_64-apple-darwin16.6.0"
| #define STDC_HEADERS 1
| #define HAVE_SYS_TYPES_H 1
| #define HAVE_SYS_STAT_H 1
| #define HAVE_STDLIB_H 1
| #define HAVE_STRING_H 1
| #define HAVE_MEMORY_H 1
| #define HAVE_STRINGS_H 1
| #define HAVE_INTTYPES_H 1
| #define HAVE_STDINT_H 1
| #define HAVE_UNISTD_H 1
| #define HAVE_BOOL 1
| #define HAVE_POPEN 1
| #define HAVE_PCRE 1
| #define HAVE_LIBDL 1
| /* end confdefs.h.  */
| 
| /* Override any GCC internal prototype to avoid an error.
|    Use char because int might match the return type of a GCC
|    builtin and then its argument prototype would still apply.  */
| #ifdef __cplusplus
| extern "C"
| #endif
| char t_open ();
| int
| main ()
| {
| return t_open ();
|   ;
|   return 0;
| }
configure:6587: gcc -o conftest -g -O2 -Wall -W -ansi -pedantic  -I/usr/local/Cellar/pcre/8.40/include  conftest.c -lnsl  -ldl  -L/usr/local/Cellar/pcre/8.40/lib -lpcre >&5
ld: library not found for -lnsl
clang: error: linker command failed with exit code 1 (use -v to see invocation)
configure:6587: $? = 1
configure: failed program was:
| /* confdefs.h */
| #define PACKAGE_NAME "swig"
| #define PACKAGE_TARNAME "swig"
| #define PACKAGE_VERSION "2.0.6"
| #define PACKAGE_STRING "swig 2.0.6"
| #define PACKAGE_BUGREPORT "http://www.swig.org"
| #define PACKAGE_URL ""
| #define PACKAGE "swig"
| #define VERSION "2.0.6"
| #define SWIG_CXX "g++"
| #define SWIG_PLATFORM "x86_64-apple-darwin16.6.0"
| #define STDC_HEADERS 1
| #define HAVE_SYS_TYPES_H 1
| #define HAVE_SYS_STAT_H 1
| #define HAVE_STDLIB_H 1
| #define HAVE_STRING_H 1
| #define HAVE_MEMORY_H 1
| #define HAVE_STRINGS_H 1
| #define HAVE_INTTYPES_H 1
| #define HAVE_STDINT_H 1
| #define HAVE_UNISTD_H 1
| #define HAVE_BOOL 1
| #define HAVE_POPEN 1
| #define HAVE_PCRE 1
| #define HAVE_LIBDL 1
| /* end confdefs.h.  */
| 
| /* Override any GCC internal prototype to avoid an error.
|    Use char because int might match the return type of a GCC
|    builtin and then its argument prototype would still apply.  */
| #ifdef __cplusplus
| extern "C"
| #endif
| char t_open ();
| int
| main ()
| {
| return t_open ();
|   ;
|   return 0;
| }
configure:6604: result: no
configure:6612: checking for library containing gethostbyname
configure:6643: gcc -o conftest -g -O2 -Wall -W -ansi -pedantic  -I/usr/local/Cellar/pcre/8.40/include  conftest.c -ldl  -L/usr/local/Cellar/pcre/8.40/lib -lpcre >&5
configure:6643: $? = 0
configure:6660: result: none required
configure:6668: checking for library containing socket
configure:6699: gcc -o conftest -g -O2 -Wall -W -ansi -pedantic  -I/usr/local/Cellar/pcre/8.40/include  conftest.c -ldl  -L/usr/local/Cellar/pcre/8.40/lib -lpcre >&5
configure:6699: $? = 0
configure:6716: result: none required
configure:6725: checking for swill_init in -lswill
configure:6750: gcc -o conftest -g -O2 -Wall -W -ansi -pedantic  -I/usr/local/Cellar/pcre/8.40/include  conftest.c -lswill  -ldl  -L/usr/local/Cellar/pcre/8.40/lib -lpcre >&5
ld: library not found for -lswill
clang: error: linker command failed with exit code 1 (use -v to see invocation)
configure:6750: $? = 1
configure: failed program was:
| /* confdefs.h */
| #define PACKAGE_NAME "swig"
| #define PACKAGE_TARNAME "swig"
| #define PACKAGE_VERSION "2.0.6"
| #define PACKAGE_STRING "swig 2.0.6"
| #define PACKAGE_BUGREPORT "http://www.swig.org"
| #define PACKAGE_URL ""
| #define PACKAGE "swig"
| #define VERSION "2.0.6"
| #define SWIG_CXX "g++"
| #define SWIG_PLATFORM "x86_64-apple-darwin16.6.0"
| #define STDC_HEADERS 1
| #define HAVE_SYS_TYPES_H 1
| #define HAVE_SYS_STAT_H 1
| #define HAVE_STDLIB_H 1
| #define HAVE_STRING_H 1
| #define HAVE_MEMORY_H 1
| #define HAVE_STRINGS_H 1
| #define HAVE_INTTYPES_H 1
| #define HAVE_STDINT_H 1
| #define HAVE_UNISTD_H 1
| #define HAVE_BOOL 1
| #define HAVE_POPEN 1
| #define HAVE_PCRE 1
| #define HAVE_LIBDL 1
| /* end confdefs.h.  */
| 
| /* Override any GCC internal prototype to avoid an error.
|    Use char because int might match the return type of a GCC
|    builtin and then its argument prototype would still apply.  */
| #ifdef __cplusplus
| extern "C"
| #endif
| char swill_init ();
| int
| main ()
| {
| return swill_init ();
|   ;
|   return 0;
| }
configure:6759: result: no
configure:6781: checking for main in -lieee
configure:6800: gcc -o conftest -g -O2 -Wall -W -ansi -pedantic  -I/usr/local/Cellar/pcre/8.40/include  conftest.c -lieee  -ldl  -L/usr/local/Cellar/pcre/8.40/lib -lpcre >&5
conftest.c:31:1: warning: all paths through this function will call itself [-Winfinite-recursion]
{
^
1 warning generated.
ld: library not found for -lieee
clang: error: linker command failed with exit code 1 (use -v to see invocation)
configure:6800: $? = 1
configure: failed program was:
| /* confdefs.h */
| #define PACKAGE_NAME "swig"
| #define PACKAGE_TARNAME "swig"
| #define PACKAGE_VERSION "2.0.6"
| #define PACKAGE_STRING "swig 2.0.6"
| #define PACKAGE_BUGREPORT "http://www.swig.org"
| #define PACKAGE_URL ""
| #define PACKAGE "swig"
| #define VERSION "2.0.6"
| #define SWIG_CXX "g++"
| #define SWIG_PLATFORM "x86_64-apple-darwin16.6.0"
| #define STDC_HEADERS 1
| #define HAVE_SYS_TYPES_H 1
| #define HAVE_SYS_STAT_H 1
| #define HAVE_STDLIB_H 1
| #define HAVE_STRING_H 1
| #define HAVE_MEMORY_H 1
| #define HAVE_STRINGS_H 1
| #define HAVE_INTTYPES_H 1
| #define HAVE_STDINT_H 1
| #define HAVE_UNISTD_H 1
| #define HAVE_BOOL 1
| #define HAVE_POPEN 1
| #define HAVE_PCRE 1
| #define HAVE_LIBDL 1
| /* end confdefs.h.  */
| 
| 
| int
| main ()
| {
| return main ();
|   ;
|   return 0;
| }
configure:6809: result: no
configure:6815: checking for crypt in -lcrypt
configure:6840: gcc -o conftest -g -O2 -Wall -W -ansi -pedantic  -I/usr/local/Cellar/pcre/8.40/include  conftest.c -lcrypt  -ldl  -L/usr/local/Cellar/pcre/8.40/lib -lpcre >&5
ld: library not found for -lcrypt
clang: error: linker command failed with exit code 1 (use -v to see invocation)
configure:6840: $? = 1
configure: failed program was:
| /* confdefs.h */
| #define PACKAGE_NAME "swig"
| #define PACKAGE_TARNAME "swig"
| #define PACKAGE_VERSION "2.0.6"
| #define PACKAGE_STRING "swig 2.0.6"
| #define PACKAGE_BUGREPORT "http://www.swig.org"
| #define PACKAGE_URL ""
| #define PACKAGE "swig"
| #define VERSION "2.0.6"
| #define SWIG_CXX "g++"
| #define SWIG_PLATFORM "x86_64-apple-darwin16.6.0"
| #define STDC_HEADERS 1
| #define HAVE_SYS_TYPES_H 1
| #define HAVE_SYS_STAT_H 1
| #define HAVE_STDLIB_H 1
| #define HAVE_STRING_H 1
| #define HAVE_MEMORY_H 1
| #define HAVE_STRINGS_H 1
| #define HAVE_INTTYPES_H 1
| #define HAVE_STDINT_H 1
| #define HAVE_UNISTD_H 1
| #define HAVE_BOOL 1
| #define HAVE_POPEN 1
| #define HAVE_PCRE 1
| #define HAVE_LIBDL 1
| /* end confdefs.h.  */
| 
| /* Override any GCC internal prototype to avoid an error.
|    Use char because int might match the return type of a GCC
|    builtin and then its argument prototype would still apply.  */
| #ifdef __cplusplus
| extern "C"
| #endif
| char crypt ();
| int
| main ()
| {
| return crypt ();
|   ;
|   return 0;
| }
configure:6849: result: no
configure:6879: checking for X
configure:6987: gcc -E  -I/usr/local/Cellar/pcre/8.40/include conftest.c
conftest.c:27:10: fatal error: 'X11/Xlib.h' file not found
#include <X11/Xlib.h>
         ^
1 error generated.
configure:6987: $? = 1
configure: failed program was:
| /* confdefs.h */
| #define PACKAGE_NAME "swig"
| #define PACKAGE_TARNAME "swig"
| #define PACKAGE_VERSION "2.0.6"
| #define PACKAGE_STRING "swig 2.0.6"
| #define PACKAGE_BUGREPORT "http://www.swig.org"
| #define PACKAGE_URL ""
| #define PACKAGE "swig"
| #define VERSION "2.0.6"
| #define SWIG_CXX "g++"
| #define SWIG_PLATFORM "x86_64-apple-darwin16.6.0"
| #define STDC_HEADERS 1
| #define HAVE_SYS_TYPES_H 1
| #define HAVE_SYS_STAT_H 1
| #define HAVE_STDLIB_H 1
| #define HAVE_STRING_H 1
| #define HAVE_MEMORY_H 1
| #define HAVE_STRINGS_H 1
| #define HAVE_INTTYPES_H 1
| #define HAVE_STDINT_H 1
| #define HAVE_UNISTD_H 1
| #define HAVE_BOOL 1
| #define HAVE_POPEN 1
| #define HAVE_PCRE 1
| #define HAVE_LIBDL 1
| /* end confdefs.h.  */
| #include <X11/Xlib.h>
configure:7018: gcc -o conftest -g -O2 -Wall -W -ansi -pedantic  -I/usr/local/Cellar/pcre/8.40/include  conftest.c -lX11 -ldl  -L/usr/local/Cellar/pcre/8.40/lib -lpcre >&5
conftest.c:27:10: fatal error: 'X11/Xlib.h' file not found
#include <X11/Xlib.h>
         ^
1 error generated.
configure:7018: $? = 1
configure: failed program was:
| /* confdefs.h */
| #define PACKAGE_NAME "swig"
| #define PACKAGE_TARNAME "swig"
| #define PACKAGE_VERSION "2.0.6"
| #define PACKAGE_STRING "swig 2.0.6"
| #define PACKAGE_BUGREPORT "http://www.swig.org"
| #define PACKAGE_URL ""
| #define PACKAGE "swig"
| #define VERSION "2.0.6"
| #define SWIG_CXX "g++"
| #define SWIG_PLATFORM "x86_64-apple-darwin16.6.0"
| #define STDC_HEADERS 1
| #define HAVE_SYS_TYPES_H 1
| #define HAVE_SYS_STAT_H 1
| #define HAVE_STDLIB_H 1
| #define HAVE_STRING_H 1
| #define HAVE_MEMORY_H 1
| #define HAVE_STRINGS_H 1
| #define HAVE_INTTYPES_H 1
| #define HAVE_STDINT_H 1
| #define HAVE_UNISTD_H 1
| #define HAVE_BOOL 1
| #define HAVE_POPEN 1
| #define HAVE_PCRE 1
| #define HAVE_LIBDL 1
| /* end confdefs.h.  */
| #include <X11/Xlib.h>
| int
| main ()
| {
| XrmInitialize ()
|   ;
|   return 0;
| }
configure:7057: result: no
configure:7092: checking for X11 header files
configure:7099: gcc -E  -I/usr/local/Cellar/pcre/8.40/include conftest.c
conftest.c:27:10: fatal error: 'X11/Intrinsic.h' file not found
#include <X11/Intrinsic.h>
         ^
1 error generated.
configure:7099: $? = 1
configure: failed program was:
| /* confdefs.h */
| #define PACKAGE_NAME "swig"
| #define PACKAGE_TARNAME "swig"
| #define PACKAGE_VERSION "2.0.6"
| #define PACKAGE_STRING "swig 2.0.6"
| #define PACKAGE_BUGREPORT "http://www.swig.org"
| #define PACKAGE_URL ""
| #define PACKAGE "swig"
| #define VERSION "2.0.6"
| #define SWIG_CXX "g++"
| #define SWIG_PLATFORM "x86_64-apple-darwin16.6.0"
| #define STDC_HEADERS 1
| #define HAVE_SYS_TYPES_H 1
| #define HAVE_SYS_STAT_H 1
| #define HAVE_STDLIB_H 1
| #define HAVE_STRING_H 1
| #define HAVE_MEMORY_H 1
| #define HAVE_STRINGS_H 1
| #define HAVE_INTTYPES_H 1
| #define HAVE_STDINT_H 1
| #define HAVE_UNISTD_H 1
| #define HAVE_BOOL 1
| #define HAVE_POPEN 1
| #define HAVE_PCRE 1
| #define HAVE_LIBDL 1
| /* end confdefs.h.  */
| #include <X11/Intrinsic.h>
configure:7114: result: 
configure:7124: result: couldn't find any!
configure:7130: checking for X11 libraries
configure:7150: checking for XCreateWindow in -lXwindow
configure:7175: gcc -o conftest -g -O2 -Wall -W -ansi -pedantic  -I/usr/local/Cellar/pcre/8.40/include  conftest.c -lXwindow  -ldl  -L/usr/local/Cellar/pcre/8.40/lib -lpcre >&5
ld: library not found for -lXwindow
clang: error: linker command failed with exit code 1 (use -v to see invocation)
configure:7175: $? = 1
configure: failed program was:
| /* confdefs.h */
| #define PACKAGE_NAME "swig"
| #define PACKAGE_TARNAME "swig"
| #define PACKAGE_VERSION "2.0.6"
| #define PACKAGE_STRING "swig 2.0.6"
| #define PACKAGE_BUGREPORT "http://www.swig.org"
| #define PACKAGE_URL ""
| #define PACKAGE "swig"
| #define VERSION "2.0.6"
| #define SWIG_CXX "g++"
| #define SWIG_PLATFORM "x86_64-apple-darwin16.6.0"
| #define STDC_HEADERS 1
| #define HAVE_SYS_TYPES_H 1
| #define HAVE_SYS_STAT_H 1
| #define HAVE_STDLIB_H 1
| #define HAVE_STRING_H 1
| #define HAVE_MEMORY_H 1
| #define HAVE_STRINGS_H 1
| #define HAVE_INTTYPES_H 1
| #define HAVE_STDINT_H 1
| #define HAVE_UNISTD_H 1
| #define HAVE_BOOL 1
| #define HAVE_POPEN 1
| #define HAVE_PCRE 1
| #define HAVE_LIBDL 1
| /* end confdefs.h.  */
| 
| /* Override any GCC internal prototype to avoid an error.
|    Use char because int might match the return type of a GCC
|    builtin and then its argument prototype would still apply.  */
| #ifdef __cplusplus
| extern "C"
| #endif
| char XCreateWindow ();
| int
| main ()
| {
| return XCreateWindow ();
|   ;
|   return 0;
| }
configure:7184: result: no
configure:7192: result: couldn't find any!  Using -lX11.
configure:7256: checking for Tcl configuration
configure:7279: result: no
configure:7305: checking for Tcl header files
configure:7312: gcc -E  -I/usr/local/Cellar/pcre/8.40/include conftest.c
configure:7312: $? = 0
configure:7330: result: not found
configure:7338: checking for Tcl library
configure:7351: result: not found
configure:7413: checking for python
configure:7429: found /usr/bin/python
configure:7440: result: python
configure:7456: checking for Python prefix
configure:7459: result: /System/Library/Frameworks/Python.framework/Versions/2.7
configure:7461: checking for Python exec-prefix
configure:7464: result: /System/Library/Frameworks/Python.framework/Versions/2.7
configure:7471: checking for Python version
configure:7477: result: python2.7
configure:7482: checking for Python lib dir
configure:7489: result: lib
configure:7494: checking for Python header files
configure:7504: result: -I/System/Library/Frameworks/Python.framework/Versions/2.7/include/python2.7 -I/System/Library/Frameworks/Python.framework/Versions/2.7/lib/python2.7/config
configure:7508: checking for Python library
configure:7521: result: /System/Library/Frameworks/Python.framework/Versions/2.7/lib/python2.7/config
configure:7580: checking for python3
configure:7610: result: no
configure:7580: checking for python3.0
configure:7610: result: no
configure:7580: checking for python3.1
configure:7610: result: no
configure:7628: checking for python3-config
configure:7658: result: no
configure:7628: checking for python3.0-config
configure:7658: result: no
configure:7628: checking for python3.1-config
configure:7658: result: no
configure:7820: checking for perl
configure:7836: found /usr/bin/perl
configure:7847: result: perl
configure:7865: checking for Perl5 header files
configure:7874: result: /System/Library/Perl/5.18/darwin-thread-multi-2level/CORE
configure:7886: checking for Perl5 library
configure:7893: result: perl.dylib
configure:7896: checking for Perl5 compiler options
configure:7903: result: -arch x86_64 -arch i386 -g -pipe -fno-common -DPERL_DARWIN -fno-strict-aliasing -fstack-protector
configure:7960: checking for octave
configure:7990: result: no
configure:8003: checking for Octave header files
configure:8036: result: could not figure out how to run octave
configure:8079: checking Objective-C compiler
configure:8135: checking for gcc
configure:8151: found /usr/bin/gcc
configure:8162: result: gcc
configure:8187: checking for Objective C compiler version
configure:8196: gcc --version >&5
Apple LLVM version 8.1.0 (clang-802.0.42)
Target: x86_64-apple-darwin16.6.0
Thread model: posix
InstalledDir: /Applications/Xcode.app/Contents/Developer/Toolchains/XcodeDefault.xctoolchain/usr/bin
Configured with: --prefix=/Applications/Xcode.app/Contents/Developer/usr --with-gxx-include-dir=/Applications/Xcode.app/Contents/Developer/Platforms/MacOSX.platform/Developer/SDKs/MacOSX10.12.sdk/usr/include/c++/4.2.1
configure:8207: $? = 0
configure:8196: gcc -v >&5
Configured with: --prefix=/Applications/Xcode.app/Contents/Developer/usr --with-gxx-include-dir=/Applications/Xcode.app/Contents/Developer/Platforms/MacOSX.platform/Developer/SDKs/MacOSX10.12.sdk/usr/include/c++/4.2.1
Apple LLVM version 8.1.0 (clang-802.0.42)
Target: x86_64-apple-darwin16.6.0
Thread model: posix
InstalledDir: /Applications/Xcode.app/Contents/Developer/Toolchains/XcodeDefault.xctoolchain/usr/bin
configure:8207: $? = 0
configure:8196: gcc -V >&5
clang: error: argument to '-V' is missing (expected 1 value)
clang: error: no input files
configure:8207: $? = 1
configure:8196: gcc -qversion >&5
clang: error: unknown argument: '-qversion'
clang: error: no input files
configure:8207: $? = 1
configure:8211: checking whether we are using the GNU Objective C compiler
configure:8230: gcc -c   -I/usr/local/Cellar/pcre/8.40/include conftest.m >&5
configure:8230: $? = 0
configure:8239: result: yes
configure:8248: checking whether gcc accepts -g
configure:8268: gcc -c -g  -I/usr/local/Cellar/pcre/8.40/include conftest.m >&5
configure:8268: $? = 0
configure:8309: result: yes
configure:8334: checking dependency style of gcc
configure:8443: result: gcc3
configure:8463: checking for include file Foundation/Foundation.h
configure:8503: result: not found
configure:8518: checking for Objective-C library
configure:8633: checking for java
configure:8649: found /usr/bin/java
configure:8660: result: java
configure:8680: checking for javac
configure:8696: found /usr/bin/javac
configure:8707: result: javac
configure:8722: checking for java include file jni.h
configure:8756: result: not found
configure:8856: checking for gcj
configure:8886: result: no
configure:8903: checking for gcjh
configure:8933: result: no
configure:8997: checking for android
configure:9027: result: no
configure:9044: checking for adb
configure:9060: found /Users/zhangpeng/Library/Android/sdk/platform-tools/adb
configure:9071: result: adb
configure:9091: checking for ant
configure:9121: result: no
configure:9138: checking for ndk-build
configure:9168: result: no
configure:9245: checking for guile-config
configure:9278: result: no
configure:9315: checking for Guile header files
configure:9328: result: not found
configure:9332: checking for Guile library
configure:9344: result: not found
configure:9359: checking whether Guile's gh_ API works
configure:9366: gcc -o conftest -g -O2 -Wall -W     -I/usr/local/Cellar/pcre/8.40/include  conftest.c -ldl  -L/usr/local/Cellar/pcre/8.40/lib -lpcre -L -lguile >&5
conftest.c:27:10: fatal error: 'guile/gh.h' file not found
#include <guile/gh.h>
         ^
1 error generated.
configure:9366: $? = 1
configure: failed program was:
| /* confdefs.h */
| #define PACKAGE_NAME "swig"
| #define PACKAGE_TARNAME "swig"
| #define PACKAGE_VERSION "2.0.6"
| #define PACKAGE_STRING "swig 2.0.6"
| #define PACKAGE_BUGREPORT "http://www.swig.org"
| #define PACKAGE_URL ""
| #define PACKAGE "swig"
| #define VERSION "2.0.6"
| #define SWIG_CXX "g++"
| #define SWIG_PLATFORM "x86_64-apple-darwin16.6.0"
| #define STDC_HEADERS 1
| #define HAVE_SYS_TYPES_H 1
| #define HAVE_SYS_STAT_H 1
| #define HAVE_STDLIB_H 1
| #define HAVE_STRING_H 1
| #define HAVE_MEMORY_H 1
| #define HAVE_STRINGS_H 1
| #define HAVE_INTTYPES_H 1
| #define HAVE_STDINT_H 1
| #define HAVE_UNISTD_H 1
| #define HAVE_BOOL 1
| #define HAVE_POPEN 1
| #define HAVE_PCRE 1
| #define HAVE_LIBDL 1
| /* end confdefs.h.  */
| #include <guile/gh.h>
|   int main() { SCM s; return gh_scm2int(s); }
configure:9375: result: no
configure:9378: checking whether Guile's SCM_ API works
configure:9385: gcc -o conftest -g -O2 -Wall -W     -I/usr/local/Cellar/pcre/8.40/include  conftest.c -ldl  -L/usr/local/Cellar/pcre/8.40/lib -lpcre -L -lguile >&5
conftest.c:27:10: fatal error: 'libguile.h' file not found
#include <libguile.h>
         ^
1 error generated.
configure:9385: $? = 1
configure: failed program was:
| /* confdefs.h */
| #define PACKAGE_NAME "swig"
| #define PACKAGE_TARNAME "swig"
| #define PACKAGE_VERSION "2.0.6"
| #define PACKAGE_STRING "swig 2.0.6"
| #define PACKAGE_BUGREPORT "http://www.swig.org"
| #define PACKAGE_URL ""
| #define PACKAGE "swig"
| #define VERSION "2.0.6"
| #define SWIG_CXX "g++"
| #define SWIG_PLATFORM "x86_64-apple-darwin16.6.0"
| #define STDC_HEADERS 1
| #define HAVE_SYS_TYPES_H 1
| #define HAVE_SYS_STAT_H 1
| #define HAVE_STDLIB_H 1
| #define HAVE_STRING_H 1
| #define HAVE_MEMORY_H 1
| #define HAVE_STRINGS_H 1
| #define HAVE_INTTYPES_H 1
| #define HAVE_STDINT_H 1
| #define HAVE_UNISTD_H 1
| #define HAVE_BOOL 1
| #define HAVE_POPEN 1
| #define HAVE_PCRE 1
| #define HAVE_LIBDL 1
| /* end confdefs.h.  */
| #include <libguile.h>
|   int main() { SCM s; scm_slot_exists_p(SCM_BOOL_F, SCM_BOOL_F); return SCM_STRING_LENGTH(s); }
configure:9394: result: no
configure:9438: checking for mzscheme
configure:9471: result: no
configure:9483: checking for mzc
configure:9516: result: no
configure:9574: checking for ruby
configure:9590: found /usr/bin/ruby
configure:9601: result: ruby
configure:9616: checking for Ruby header files
configure:9633: result: could not locate ruby.h...using -I/System/Library/Frameworks/Ruby.framework/Versions/2.0/usr/lib/ruby/2.0.0/universal-darwin16
configure:9638: checking for Ruby library
configure:9683: result: not found... using /System/Library/Frameworks/Ruby.framework/Versions/2.0/usr/lib/ruby/2.0.0/universal-darwin16
configure:9749: checking for php5
configure:9779: result: no
configure:9749: checking for php
configure:9765: found /usr/bin/php
configure:9776: result: php
configure:9791: checking for PHP header files
configure:9804: result: -I/usr/include/php -I/usr/include/php/main -I/usr/include/php/TSRM -I/usr/include/php/Zend -I/usr/include/php/ext -I/usr/include/php/ext/date/lib
configure:9871: checking for Ocaml DL load generator
configure:9878: checking for ocamldlgen
configure:9908: result: no
configure:9921: checking for Ocaml package tool
configure:9928: checking for ocamlfind
configure:9958: result: no
configure:9971: checking for Ocaml compiler
configure:9978: checking for ocamlc
configure:10008: result: no
configure:10021: checking for Ocaml interpreter
configure:10028: checking for ocaml
configure:10055: result: yes
configure:10071: checking for Ocaml toplevel creator
configure:10078: checking for ocamlmktop
configure:10108: result: no
configure:10223: checking for pike
configure:10253: result: no
configure:10223: checking for pike7.6
configure:10253: result: no
configure:10223: checking for pike7.4
configure:10253: result: no
configure:10223: checking for pike7.2
configure:10253: result: no
configure:10389: checking for chicken
configure:10419: result: no
configure:10445: checking for csc
configure:10475: result: no
configure:10512: checking for csi
configure:10542: result: no
configure:10778: checking for gmcs
configure:10808: result: no
configure:10778: checking for mcs
configure:10808: result: no
configure:10778: checking for cscc
configure:10808: result: no
configure:11040: checking for lua5.2
configure:11073: result: no
configure:11040: checking for lua5.1
configure:11073: result: no
configure:11040: checking for lua
configure:11073: result: no
configure:11153: checking lua.h usability
configure:11153: gcc -c -g -O2 -Wall -W -ansi -pedantic  -I/usr/local/Cellar/pcre/8.40/include conftest.c >&5
conftest.c:60:10: fatal error: 'lua.h' file not found
#include <lua.h>
         ^
1 error generated.
configure:11153: $? = 1
configure: failed program was:
| /* confdefs.h */
| #define PACKAGE_NAME "swig"
| #define PACKAGE_TARNAME "swig"
| #define PACKAGE_VERSION "2.0.6"
| #define PACKAGE_STRING "swig 2.0.6"
| #define PACKAGE_BUGREPORT "http://www.swig.org"
| #define PACKAGE_URL ""
| #define PACKAGE "swig"
| #define VERSION "2.0.6"
| #define SWIG_CXX "g++"
| #define SWIG_PLATFORM "x86_64-apple-darwin16.6.0"
| #define STDC_HEADERS 1
| #define HAVE_SYS_TYPES_H 1
| #define HAVE_SYS_STAT_H 1
| #define HAVE_STDLIB_H 1
| #define HAVE_STRING_H 1
| #define HAVE_MEMORY_H 1
| #define HAVE_STRINGS_H 1
| #define HAVE_INTTYPES_H 1
| #define HAVE_STDINT_H 1
| #define HAVE_UNISTD_H 1
| #define HAVE_BOOL 1
| #define HAVE_POPEN 1
| #define HAVE_PCRE 1
| #define HAVE_LIBDL 1
| /* end confdefs.h.  */
| #include <stdio.h>
| #ifdef HAVE_SYS_TYPES_H
| # include <sys/types.h>
| #endif
| #ifdef HAVE_SYS_STAT_H
| # include <sys/stat.h>
| #endif
| #ifdef STDC_HEADERS
| # include <stdlib.h>
| # include <stddef.h>
| #else
| # ifdef HAVE_STDLIB_H
| #  include <stdlib.h>
| # endif
| #endif
| #ifdef HAVE_STRING_H
| # if !defined STDC_HEADERS && defined HAVE_MEMORY_H
| #  include <memory.h>
| # endif
| # include <string.h>
| #endif
| #ifdef HAVE_STRINGS_H
| # include <strings.h>
| #endif
| #ifdef HAVE_INTTYPES_H
| # include <inttypes.h>
| #endif
| #ifdef HAVE_STDINT_H
| # include <stdint.h>
| #endif
| #ifdef HAVE_UNISTD_H
| # include <unistd.h>
| #endif
| #include <lua.h>
configure:11153: result: no
configure:11153: checking lua.h presence
configure:11153: gcc -E  -I/usr/local/Cellar/pcre/8.40/include conftest.c
conftest.c:27:10: fatal error: 'lua.h' file not found
#include <lua.h>
         ^
1 error generated.
configure:11153: $? = 1
configure: failed program was:
| /* confdefs.h */
| #define PACKAGE_NAME "swig"
| #define PACKAGE_TARNAME "swig"
| #define PACKAGE_VERSION "2.0.6"
| #define PACKAGE_STRING "swig 2.0.6"
| #define PACKAGE_BUGREPORT "http://www.swig.org"
| #define PACKAGE_URL ""
| #define PACKAGE "swig"
| #define VERSION "2.0.6"
| #define SWIG_CXX "g++"
| #define SWIG_PLATFORM "x86_64-apple-darwin16.6.0"
| #define STDC_HEADERS 1
| #define HAVE_SYS_TYPES_H 1
| #define HAVE_SYS_STAT_H 1
| #define HAVE_STDLIB_H 1
| #define HAVE_STRING_H 1
| #define HAVE_MEMORY_H 1
| #define HAVE_STRINGS_H 1
| #define HAVE_INTTYPES_H 1
| #define HAVE_STDINT_H 1
| #define HAVE_UNISTD_H 1
| #define HAVE_BOOL 1
| #define HAVE_POPEN 1
| #define HAVE_PCRE 1
| #define HAVE_LIBDL 1
| /* end confdefs.h.  */
| #include <lua.h>
configure:11153: result: no
configure:11153: checking for lua.h
configure:11153: result: no
configure:11163: checking for lua.h in other locations
configure:11180: result: not found
configure:11216: checking for library containing lua_close
configure:11247: gcc -o conftest -g -O2 -Wall -W -ansi -pedantic  -I/usr/local/Cellar/pcre/8.40/include  conftest.c -ldl  -L/usr/local/Cellar/pcre/8.40/lib -lpcre >&5
Undefined symbols for architecture x86_64:
  "_lua_close", referenced from:
      _main in conftest-e67664.o
ld: symbol(s) not found for architecture x86_64
clang: error: linker command failed with exit code 1 (use -v to see invocation)
configure:11247: $? = 1
configure: failed program was:
| /* confdefs.h */
| #define PACKAGE_NAME "swig"
| #define PACKAGE_TARNAME "swig"
| #define PACKAGE_VERSION "2.0.6"
| #define PACKAGE_STRING "swig 2.0.6"
| #define PACKAGE_BUGREPORT "http://www.swig.org"
| #define PACKAGE_URL ""
| #define PACKAGE "swig"
| #define VERSION "2.0.6"
| #define SWIG_CXX "g++"
| #define SWIG_PLATFORM "x86_64-apple-darwin16.6.0"
| #define STDC_HEADERS 1
| #define HAVE_SYS_TYPES_H 1
| #define HAVE_SYS_STAT_H 1
| #define HAVE_STDLIB_H 1
| #define HAVE_STRING_H 1
| #define HAVE_MEMORY_H 1
| #define HAVE_STRINGS_H 1
| #define HAVE_INTTYPES_H 1
| #define HAVE_STDINT_H 1
| #define HAVE_UNISTD_H 1
| #define HAVE_BOOL 1
| #define HAVE_POPEN 1
| #define HAVE_PCRE 1
| #define HAVE_LIBDL 1
| /* end confdefs.h.  */
| 
| /* Override any GCC internal prototype to avoid an error.
|    Use char because int might match the return type of a GCC
|    builtin and then its argument prototype would still apply.  */
| #ifdef __cplusplus
| extern "C"
| #endif
| char lua_close ();
| int
| main ()
| {
| return lua_close ();
|   ;
|   return 0;
| }
configure:11247: gcc -o conftest -g -O2 -Wall -W -ansi -pedantic  -I/usr/local/Cellar/pcre/8.40/include  conftest.c -llua  -ldl  -L/usr/local/Cellar/pcre/8.40/lib -lpcre >&5
ld: library not found for -llua
clang: error: linker command failed with exit code 1 (use -v to see invocation)
configure:11247: $? = 1
configure: failed program was:
| /* confdefs.h */
| #define PACKAGE_NAME "swig"
| #define PACKAGE_TARNAME "swig"
| #define PACKAGE_VERSION "2.0.6"
| #define PACKAGE_STRING "swig 2.0.6"
| #define PACKAGE_BUGREPORT "http://www.swig.org"
| #define PACKAGE_URL ""
| #define PACKAGE "swig"
| #define VERSION "2.0.6"
| #define SWIG_CXX "g++"
| #define SWIG_PLATFORM "x86_64-apple-darwin16.6.0"
| #define STDC_HEADERS 1
| #define HAVE_SYS_TYPES_H 1
| #define HAVE_SYS_STAT_H 1
| #define HAVE_STDLIB_H 1
| #define HAVE_STRING_H 1
| #define HAVE_MEMORY_H 1
| #define HAVE_STRINGS_H 1
| #define HAVE_INTTYPES_H 1
| #define HAVE_STDINT_H 1
| #define HAVE_UNISTD_H 1
| #define HAVE_BOOL 1
| #define HAVE_POPEN 1
| #define HAVE_PCRE 1
| #define HAVE_LIBDL 1
| /* end confdefs.h.  */
| 
| /* Override any GCC internal prototype to avoid an error.
|    Use char because int might match the return type of a GCC
|    builtin and then its argument prototype would still apply.  */
| #ifdef __cplusplus
| extern "C"
| #endif
| char lua_close ();
| int
| main ()
| {
| return lua_close ();
|   ;
|   return 0;
| }
configure:11247: gcc -o conftest -g -O2 -Wall -W -ansi -pedantic  -I/usr/local/Cellar/pcre/8.40/include  conftest.c -llua5.2  -ldl  -L/usr/local/Cellar/pcre/8.40/lib -lpcre >&5
ld: library not found for -llua5.2
clang: error: linker command failed with exit code 1 (use -v to see invocation)
configure:11247: $? = 1
configure: failed program was:
| /* confdefs.h */
| #define PACKAGE_NAME "swig"
| #define PACKAGE_TARNAME "swig"
| #define PACKAGE_VERSION "2.0.6"
| #define PACKAGE_STRING "swig 2.0.6"
| #define PACKAGE_BUGREPORT "http://www.swig.org"
| #define PACKAGE_URL ""
| #define PACKAGE "swig"
| #define VERSION "2.0.6"
| #define SWIG_CXX "g++"
| #define SWIG_PLATFORM "x86_64-apple-darwin16.6.0"
| #define STDC_HEADERS 1
| #define HAVE_SYS_TYPES_H 1
| #define HAVE_SYS_STAT_H 1
| #define HAVE_STDLIB_H 1
| #define HAVE_STRING_H 1
| #define HAVE_MEMORY_H 1
| #define HAVE_STRINGS_H 1
| #define HAVE_INTTYPES_H 1
| #define HAVE_STDINT_H 1
| #define HAVE_UNISTD_H 1
| #define HAVE_BOOL 1
| #define HAVE_POPEN 1
| #define HAVE_PCRE 1
| #define HAVE_LIBDL 1
| /* end confdefs.h.  */
| 
| /* Override any GCC internal prototype to avoid an error.
|    Use char because int might match the return type of a GCC
|    builtin and then its argument prototype would still apply.  */
| #ifdef __cplusplus
| extern "C"
| #endif
| char lua_close ();
| int
| main ()
| {
| return lua_close ();
|   ;
|   return 0;
| }
configure:11247: gcc -o conftest -g -O2 -Wall -W -ansi -pedantic  -I/usr/local/Cellar/pcre/8.40/include  conftest.c -llua5.1  -ldl  -L/usr/local/Cellar/pcre/8.40/lib -lpcre >&5
ld: library not found for -llua5.1
clang: error: linker command failed with exit code 1 (use -v to see invocation)
configure:11247: $? = 1
configure: failed program was:
| /* confdefs.h */
| #define PACKAGE_NAME "swig"
| #define PACKAGE_TARNAME "swig"
| #define PACKAGE_VERSION "2.0.6"
| #define PACKAGE_STRING "swig 2.0.6"
| #define PACKAGE_BUGREPORT "http://www.swig.org"
| #define PACKAGE_URL ""
| #define PACKAGE "swig"
| #define VERSION "2.0.6"
| #define SWIG_CXX "g++"
| #define SWIG_PLATFORM "x86_64-apple-darwin16.6.0"
| #define STDC_HEADERS 1
| #define HAVE_SYS_TYPES_H 1
| #define HAVE_SYS_STAT_H 1
| #define HAVE_STDLIB_H 1
| #define HAVE_STRING_H 1
| #define HAVE_MEMORY_H 1
| #define HAVE_STRINGS_H 1
| #define HAVE_INTTYPES_H 1
| #define HAVE_STDINT_H 1
| #define HAVE_UNISTD_H 1
| #define HAVE_BOOL 1
| #define HAVE_POPEN 1
| #define HAVE_PCRE 1
| #define HAVE_LIBDL 1
| /* end confdefs.h.  */
| 
| /* Override any GCC internal prototype to avoid an error.
|    Use char because int might match the return type of a GCC
|    builtin and then its argument prototype would still apply.  */
| #ifdef __cplusplus
| extern "C"
| #endif
| char lua_close ();
| int
| main ()
| {
| return lua_close ();
|   ;
|   return 0;
| }
configure:11247: gcc -o conftest -g -O2 -Wall -W -ansi -pedantic  -I/usr/local/Cellar/pcre/8.40/include  conftest.c -llua51  -ldl  -L/usr/local/Cellar/pcre/8.40/lib -lpcre >&5
ld: library not found for -llua51
clang: error: linker command failed with exit code 1 (use -v to see invocation)
configure:11247: $? = 1
configure: failed program was:
| /* confdefs.h */
| #define PACKAGE_NAME "swig"
| #define PACKAGE_TARNAME "swig"
| #define PACKAGE_VERSION "2.0.6"
| #define PACKAGE_STRING "swig 2.0.6"
| #define PACKAGE_BUGREPORT "http://www.swig.org"
| #define PACKAGE_URL ""
| #define PACKAGE "swig"
| #define VERSION "2.0.6"
| #define SWIG_CXX "g++"
| #define SWIG_PLATFORM "x86_64-apple-darwin16.6.0"
| #define STDC_HEADERS 1
| #define HAVE_SYS_TYPES_H 1
| #define HAVE_SYS_STAT_H 1
| #define HAVE_STDLIB_H 1
| #define HAVE_STRING_H 1
| #define HAVE_MEMORY_H 1
| #define HAVE_STRINGS_H 1
| #define HAVE_INTTYPES_H 1
| #define HAVE_STDINT_H 1
| #define HAVE_UNISTD_H 1
| #define HAVE_BOOL 1
| #define HAVE_POPEN 1
| #define HAVE_PCRE 1
| #define HAVE_LIBDL 1
| /* end confdefs.h.  */
| 
| /* Override any GCC internal prototype to avoid an error.
|    Use char because int might match the return type of a GCC
|    builtin and then its argument prototype would still apply.  */
| #ifdef __cplusplus
| extern "C"
| #endif
| char lua_close ();
| int
| main ()
| {
| return lua_close ();
|   ;
|   return 0;
| }
configure:11247: gcc -o conftest -g -O2 -Wall -W -ansi -pedantic  -I/usr/local/Cellar/pcre/8.40/include  conftest.c -llua5.0  -ldl  -L/usr/local/Cellar/pcre/8.40/lib -lpcre >&5
ld: library not found for -llua5.0
clang: error: linker command failed with exit code 1 (use -v to see invocation)
configure:11247: $? = 1
configure: failed program was:
| /* confdefs.h */
| #define PACKAGE_NAME "swig"
| #define PACKAGE_TARNAME "swig"
| #define PACKAGE_VERSION "2.0.6"
| #define PACKAGE_STRING "swig 2.0.6"
| #define PACKAGE_BUGREPORT "http://www.swig.org"
| #define PACKAGE_URL ""
| #define PACKAGE "swig"
| #define VERSION "2.0.6"
| #define SWIG_CXX "g++"
| #define SWIG_PLATFORM "x86_64-apple-darwin16.6.0"
| #define STDC_HEADERS 1
| #define HAVE_SYS_TYPES_H 1
| #define HAVE_SYS_STAT_H 1
| #define HAVE_STDLIB_H 1
| #define HAVE_STRING_H 1
| #define HAVE_MEMORY_H 1
| #define HAVE_STRINGS_H 1
| #define HAVE_INTTYPES_H 1
| #define HAVE_STDINT_H 1
| #define HAVE_UNISTD_H 1
| #define HAVE_BOOL 1
| #define HAVE_POPEN 1
| #define HAVE_PCRE 1
| #define HAVE_LIBDL 1
| /* end confdefs.h.  */
| 
| /* Override any GCC internal prototype to avoid an error.
|    Use char because int might match the return type of a GCC
|    builtin and then its argument prototype would still apply.  */
| #ifdef __cplusplus
| extern "C"
| #endif
| char lua_close ();
| int
| main ()
| {
| return lua_close ();
|   ;
|   return 0;
| }
configure:11247: gcc -o conftest -g -O2 -Wall -W -ansi -pedantic  -I/usr/local/Cellar/pcre/8.40/include  conftest.c -llua50  -ldl  -L/usr/local/Cellar/pcre/8.40/lib -lpcre >&5
ld: library not found for -llua50
clang: error: linker command failed with exit code 1 (use -v to see invocation)
configure:11247: $? = 1
configure: failed program was:
| /* confdefs.h */
| #define PACKAGE_NAME "swig"
| #define PACKAGE_TARNAME "swig"
| #define PACKAGE_VERSION "2.0.6"
| #define PACKAGE_STRING "swig 2.0.6"
| #define PACKAGE_BUGREPORT "http://www.swig.org"
| #define PACKAGE_URL ""
| #define PACKAGE "swig"
| #define VERSION "2.0.6"
| #define SWIG_CXX "g++"
| #define SWIG_PLATFORM "x86_64-apple-darwin16.6.0"
| #define STDC_HEADERS 1
| #define HAVE_SYS_TYPES_H 1
| #define HAVE_SYS_STAT_H 1
| #define HAVE_STDLIB_H 1
| #define HAVE_STRING_H 1
| #define HAVE_MEMORY_H 1
| #define HAVE_STRINGS_H 1
| #define HAVE_INTTYPES_H 1
| #define HAVE_STDINT_H 1
| #define HAVE_UNISTD_H 1
| #define HAVE_BOOL 1
| #define HAVE_POPEN 1
| #define HAVE_PCRE 1
| #define HAVE_LIBDL 1
| /* end confdefs.h.  */
| 
| /* Override any GCC internal prototype to avoid an error.
|    Use char because int might match the return type of a GCC
|    builtin and then its argument prototype would still apply.  */
| #ifdef __cplusplus
| extern "C"
| #endif
| char lua_close ();
| int
| main ()
| {
| return lua_close ();
|   ;
|   return 0;
| }
configure:11264: result: no
configure:11316: checking for alisp
configure:11349: result: no
configure:11385: checking for clisp
configure:11418: result: no
configure:11454: checking for R
configure:11487: result: no
configure:11524: checking for go
configure:11554: result: no
configure:11524: checking for 6g
configure:11554: result: no
configure:11524: checking for 8g
configure:11554: result: no
configure:11524: checking for gccgo
configure:11554: result: no
configure:11648: checking for dmd
configure:11678: result: no
configure:11648: checking for ldmd
configure:11678: result: no
configure:11648: checking for gdmd
configure:11678: result: no
configure:11733: checking for dmd
configure:11763: result: no
configure:11733: checking for gdmd
configure:11763: result: no
configure:12206: checking that generated files are newer than configure
configure:12212: result: done
configure:12243: creating ./config.status

## ---------------------- ##
## Running config.status. ##
## ---------------------- ##

This file was extended by swig config.status 2.0.6, which was
generated by GNU Autoconf 2.69.  Invocation command line was

  CONFIG_FILES    = 
  CONFIG_HEADERS  = 
  CONFIG_LINKS    = 
  CONFIG_COMMANDS = 
  $ ./config.status 

on localhost

config.status:1091: creating Makefile
config.status:1091: creating swig.spec
config.status:1091: creating Source/Makefile
config.status:1091: creating Examples/Makefile
config.status:1091: creating Examples/guile/Makefile
config.status:1091: creating Examples/xml/Makefile
config.status:1091: creating Examples/test-suite/chicken/Makefile
config.status:1091: creating Examples/test-suite/csharp/Makefile
config.status:1091: creating Examples/test-suite/d/Makefile
config.status:1091: creating Examples/test-suite/guile/Makefile
config.status:1091: creating Examples/test-suite/guilescm/Makefile
config.status:1091: creating Examples/test-suite/java/Makefile
config.status:1091: creating Examples/test-suite/mzscheme/Makefile
config.status:1091: creating Examples/test-suite/objc/Makefile
config.status:1091: creating Examples/test-suite/ocaml/Makefile
config.status:1091: creating Examples/test-suite/octave/Makefile
config.status:1091: creating Examples/test-suite/perl5/Makefile
config.status:1091: creating Examples/test-suite/php/Makefile
config.status:1091: creating Examples/test-suite/pike/Makefile
config.status:1091: creating Examples/test-suite/python/Makefile
config.status:1091: creating Examples/test-suite/ruby/Makefile
config.status:1091: creating Examples/test-suite/tcl/Makefile
config.status:1091: creating Examples/test-suite/lua/Makefile
config.status:1091: creating Examples/test-suite/allegrocl/Makefile
config.status:1091: creating Examples/test-suite/clisp/Makefile
config.status:1091: creating Examples/test-suite/cffi/Makefile
config.status:1091: creating Examples/test-suite/uffi/Makefile
config.status:1091: creating Examples/test-suite/r/Makefile
config.status:1091: creating Examples/test-suite/go/Makefile
config.status:1091: creating Lib/ocaml/swigp4.ml
config.status:1091: creating preinst-swig
config.status:1091: creating CCache/ccache_swig_config.h
config.status:1091: creating Source/Include/swigconfig.h
config.status:1320: executing depfiles commands
configure:13657: === configuring in CCache (/Users/zhangpeng/code/foxrtc/foxrtc/tools/swig/CCache)
configure:13720: running /bin/sh ./configure --disable-option-checking '--prefix=/usr/local'  --cache-file=/dev/null --srcdir=.

## ---------------- ##
## Cache variables. ##
## ---------------- ##

ac_cv_build=x86_64-apple-darwin16.6.0
ac_cv_c_compiler_gnu=yes
ac_cv_cxx_compiler_gnu=yes
ac_cv_env_CCC_set=
ac_cv_env_CCC_value=
ac_cv_env_CC_set=
ac_cv_env_CC_value=
ac_cv_env_CFLAGS_set=
ac_cv_env_CFLAGS_value=
ac_cv_env_CPPFLAGS_set=
ac_cv_env_CPPFLAGS_value=
ac_cv_env_CPP_set=
ac_cv_env_CPP_value=
ac_cv_env_CXXFLAGS_set=
ac_cv_env_CXXFLAGS_value=
ac_cv_env_CXX_set=
ac_cv_env_CXX_value=
ac_cv_env_LDFLAGS_set=
ac_cv_env_LDFLAGS_value=
ac_cv_env_LIBS_set=
ac_cv_env_LIBS_value=
ac_cv_env_OBJCFLAGS_set=
ac_cv_env_OBJCFLAGS_value=
ac_cv_env_OBJC_set=
ac_cv_env_OBJC_value=
ac_cv_env_PCRE_CFLAGS_set=
ac_cv_env_PCRE_CFLAGS_value=
ac_cv_env_PCRE_CONFIG_set=
ac_cv_env_PCRE_CONFIG_value=
ac_cv_env_PCRE_LIBS_set=
ac_cv_env_PCRE_LIBS_value=
ac_cv_env_XMKMF_set=
ac_cv_env_XMKMF_value=
ac_cv_env_YACC_set=
ac_cv_env_YACC_value=
ac_cv_env_YFLAGS_set=
ac_cv_env_YFLAGS_value=
ac_cv_env_build_alias_set=
ac_cv_env_build_alias_value=
ac_cv_env_host_alias_set=
ac_cv_env_host_alias_value=
ac_cv_env_target_alias_set=
ac_cv_env_target_alias_value=
ac_cv_func_popen=yes
ac_cv_have_x=have_x=no
ac_cv_header_inttypes_h=yes
ac_cv_header_lua_h=no
ac_cv_header_memory_h=yes
ac_cv_header_stdc=yes
ac_cv_header_stdint_h=yes
ac_cv_header_stdlib_h=yes
ac_cv_header_string_h=yes
ac_cv_header_strings_h=yes
ac_cv_header_sys_stat_h=yes
ac_cv_header_sys_types_h=yes
ac_cv_header_unistd_h=yes
ac_cv_host=x86_64-apple-darwin16.6.0
ac_cv_lib_Xwindow_XCreateWindow=no
ac_cv_lib_crypt_crypt=no
ac_cv_lib_dl_dlopen=yes
ac_cv_lib_dld_shl_load=no
ac_cv_lib_ieee_main=no
ac_cv_lib_swill_swill_init=no
ac_cv_objc_compiler_gnu=yes
ac_cv_objext=o
ac_cv_path_EGREP='/usr/bin/grep -E'
ac_cv_path_GREP=/usr/bin/grep
ac_cv_path_PCRE_CONFIG=/usr/local/bin/pcre-config
ac_cv_path_SED=/usr/local/bin/sed
ac_cv_path_install='/usr/local/bin/ginstall -c'
ac_cv_path_mkdir=/usr/local/bin/gmkdir
ac_cv_prog_ADB=adb
ac_cv_prog_AR=ar
ac_cv_prog_AWK=gawk
ac_cv_prog_CPP='gcc -E'
ac_cv_prog_JAVA=java
ac_cv_prog_JAVAC=javac
ac_cv_prog_OCAMLBIN=yes
ac_cv_prog_PERL=perl
ac_cv_prog_PHP=php
ac_cv_prog_PYTHON=python
ac_cv_prog_RUBY=ruby
ac_cv_prog_YACC='bison -y'
ac_cv_prog_ac_ct_CC=gcc
ac_cv_prog_ac_ct_CXX=g++
ac_cv_prog_ac_ct_OBJC=gcc
ac_cv_prog_ac_ct_RANLIB=ranlib
ac_cv_prog_cc_c89=
ac_cv_prog_cc_g=yes
ac_cv_prog_cxx_g=yes
ac_cv_prog_make_make_set=yes
ac_cv_prog_objc_g=yes
ac_cv_search_gethostbyname='none required'
ac_cv_search_lua_close=no
ac_cv_search_socket='none required'
ac_cv_search_t_open=no
ac_cv_type_bool=yes
am_cv_CC_dependencies_compiler_type=gcc3
am_cv_CXX_dependencies_compiler_type=gcc3
am_cv_OBJC_dependencies_compiler_type=gcc3
am_cv_make_support_nested_variables=yes
am_cv_prog_cc_c_o=yes

## ----------------- ##
## Output variables. ##
## ----------------- ##

ACLOCAL='${SHELL} /Users/zhangpeng/code/foxrtc/foxrtc/tools/swig/Tools/config/missing aclocal-1.15'
ADB='adb'
ALLEGROCLBIN=''
AMDEPBACKSLASH='\'
AMDEP_FALSE='#'
AMDEP_TRUE=''
AMTAR='$${TAR-tar}'
AM_BACKSLASH='\'
AM_DEFAULT_V='$(AM_DEFAULT_VERBOSITY)'
AM_DEFAULT_VERBOSITY='1'
AM_V='$(V)'
ANDROID=''
ANT=''
AR='ar'
AUTOCONF='${SHELL} /Users/zhangpeng/code/foxrtc/foxrtc/tools/swig/Tools/config/missing autoconf'
AUTOHEADER='${SHELL} /Users/zhangpeng/code/foxrtc/foxrtc/tools/swig/Tools/config/missing autoheader'
AUTOMAKE='${SHELL} /Users/zhangpeng/code/foxrtc/foxrtc/tools/swig/Tools/config/missing automake-1.15'
AWK='gawk'
BOOST_CPPFLAGS='-I/include/boost-0'
BOOST_LDFLAGS='-L/lib64'
CC='gcc'
CCDEPMODE='depmode=gcc3'
CCSHARED=''
CFLAGS='-g -O2 -Wall -W -ansi -pedantic'
CHICKEN=''
CHICKENLIB=''
CHICKENOPTS=''
CHICKENSHAREDLIB=''
CHICKEN_CSC=''
CHICKEN_CSI=''
CLISPBIN=''
CPP='gcc -E'
CPPFLAGS=' -I/usr/local/Cellar/pcre/8.40/include'
CSHARPCFLAGS=''
CSHARPCILINTERPRETER=''
CSHARPCILINTERPRETER_FLAGS=''
CSHARPCOMPILER=''
CSHARPCYGPATH_W='echo'
CSHARPDYNAMICLINKING=''
CSHARPLIBRARYPREFIX='lib'
CSHARPPATHSEPARATOR='/'
CSHARPSO='.so'
CXX='g++'
CXXDEPMODE='depmode=gcc3'
CXXFLAGS='-g -O2 -Wall -W -ansi -pedantic'
CXXSHARED='cc -bundle -undefined suppress -flat_namespace'
CYGPATH_W='echo'
D1COMPILER=''
D2COMPILER=''
DDEFAULTVERSION=''
DEFS='-DHAVE_CONFIG_H'
DEPDIR='.deps'
DLIBPREFIX='lib'
ECHO_C='\c'
ECHO_N=''
ECHO_T=''
EGREP='/usr/bin/grep -E'
ENABLE_CCACHE='1'
EXEEXT=''
EXTRA_CLEAN=''
GCJ=''
GCJH=''
GO1='false'
GO=''
GOC=''
GOGCC='false'
GREP='/usr/bin/grep'
GUILE=''
GUILEINCLUDE=''
GUILELIB=''
GUILELINK='-L -lguile'
GUILE_CONFIG=''
GUILE_GH_INTERFACE=''
GUILE_SCM_INTERFACE=''
GUILE_SO='.so'
INSTALL_DATA='${INSTALL} -m 644'
INSTALL_PROGRAM='${INSTALL}'
INSTALL_SCRIPT='${INSTALL}'
INSTALL_STRIP_PROGRAM='$(install_sh) -c -s'
JAVA='java'
JAVAC='javac'
JAVACFLAGS=''
JAVACXXSHARED='$(CXX)'
JAVADYNAMICLINKING='-dynamiclib -framework JavaVM'
JAVAINC=''
JAVALDSHARED='$(CC)'
JAVALIBRARYPREFIX='lib'
JAVASO='.jnilib'
LDFLAGS=''
LDSHARED='cc -bundle -undefined suppress -flat_namespace'
LIBC=''
LIBCRYPT=''
LIBM='-lm'
LIBOBJS=''
LIBS='-ldl  -L/usr/local/Cellar/pcre/8.40/lib -lpcre'
LINKFORSHARED=''
LTLIBOBJS=''
LUABIN=''
LUADYNAMICLINKING=''
LUAFLAGS=''
LUALINK=' -llualib'
LUA_SO='.so'
MAKEINFO='${SHELL} /Users/zhangpeng/code/foxrtc/foxrtc/tools/swig/Tools/config/missing makeinfo'
MKDIR_P='/usr/local/bin/gmkdir -p'
MZC=''
MZDYNOBJ=''
MZSCHEME=''
MZSCHEME_SO='.so'
NDKBUILD=''
OBJC='gcc'
OBJCCFLAGS=''
OBJCCXXSHARED='$(CXX)'
OBJCDEPMODE='depmode=gcc3'
OBJCDYNAMICLINKING='-dynamiclib'
OBJCFLAGS='-g -O2'
OBJCINC=''
OBJCLDSHARED='$(CC)'
OBJCLIBRARYPREFIX='lib'
OBJCLIBS='-framework Foundation'
OBJCSO='.dylib'
OBJEXT='o'
OCAMLBIN='yes'
OCAMLC=':'
OCAMLDLGEN=':'
OCAMLFIND=':'
OCAMLINC=''
OCAMLLOC='loc'
OCAMLMKTOP=':'
OCAMLVER=''
OCTAVE=''
OCTAVECCFLAGS=''
OCTAVEDYNAMICLINKING=''
OCTAVEEXT=''
OCTAVELIB=''
OCTAVE_SO='.oct'
PACKAGE='swig'
PACKAGE_BUGREPORT='http://www.swig.org'
PACKAGE_NAME='swig'
PACKAGE_STRING='swig 2.0.6'
PACKAGE_TARNAME='swig'
PACKAGE_URL=''
PACKAGE_VERSION='2.0.6'
PATH_SEPARATOR=':'
PCRE_CFLAGS='-I/usr/local/Cellar/pcre/8.40/include'
PCRE_CONFIG='/usr/local/bin/pcre-config'
PCRE_LIBS='-L/usr/local/Cellar/pcre/8.40/lib -lpcre'
PERL5CCFLAGS='-arch x86_64 -arch i386 -g -pipe -fno-common -DPERL_DARWIN -fno-strict-aliasing -fstack-protector'
PERL5DYNAMICLINKING=''
PERL5EXT='/System/Library/Perl/5.18/darwin-thread-multi-2level/CORE'
PERL5LIB='perl.dylib'
PERL='perl'
PHP='php'
PHPINC='-I/usr/include/php -I/usr/include/php/main -I/usr/include/php/TSRM -I/usr/include/php/Zend -I/usr/include/php/ext -I/usr/include/php/ext/date/lib'
PHP_SO='.so'
PIKE=''
PIKECCDLFLAGS=''
PIKECONFIG=''
PIKEDYNAMICLINKING=''
PIKEINCLUDE=''
PLATFLAGS=''
PY3CONFIG=''
PY3INCLUDE=''
PY3LIB=''
PY3LINK=''
PYINCLUDE='-I/System/Library/Frameworks/Python.framework/Versions/2.7/include/python2.7 -I/System/Library/Frameworks/Python.framework/Versions/2.7/lib/python2.7/config'
PYLIB='/System/Library/Frameworks/Python.framework/Versions/2.7/lib/python2.7/config'
PYLINK='-lpython2.7'
PYTHON3=''
PYTHON3DYNAMICLINKING=''
PYTHON='python'
PYTHONDYNAMICLINKING=''
PYTHON_SO='.so'
RANLIB='ranlib'
RBIN=''
ROOT_DIR='/Users/zhangpeng/code/foxrtc/foxrtc/tools/swig'
RPATH=''
RUBY='ruby'
RUBYCCDLFLAGS=''
RUBYDYNAMICLINKING=''
RUBYINCLUDE='-I/System/Library/Frameworks/Ruby.framework/Versions/2.0/usr/lib/ruby/2.0.0/universal-darwin16'
RUBYLIB='/System/Library/Frameworks/Ruby.framework/Versions/2.0/usr/lib/ruby/2.0.0/universal-darwin16'
RUBYLINK='-lruby.2.0.0 -lpthread -ldl -lobjc'
SED='/usr/local/bin/sed'
SET_MAKE=''
SHELL='/bin/sh'
SKIP_ALLEGROCL='1'
SKIP_ANDROID='1'
SKIP_CFFI='1'
SKIP_CHICKEN='1'
SKIP_CLISP='1'
SKIP_CSHARP='1'
SKIP_D='1'
SKIP_GCJ='1'
SKIP_GO='1'
SKIP_GUILE='1'
SKIP_GUILESCM='1'
SKIP_JAVA='1'
SKIP_LUA='1'
SKIP_MODULA3='1'
SKIP_MZSCHEME='1'
SKIP_OBJC=''
SKIP_OCAML='1'
SKIP_OCTAVE='1'
SKIP_PERL5=''
SKIP_PHP=''
SKIP_PIKE='1'
SKIP_PYTHON3='1'
SKIP_PYTHON=''
SKIP_R='1'
SKIP_RUBY=''
SKIP_TCL='1'
SKIP_UFFI='1'
SO='.bundle'
STRIP=''
SWIGLIBS=''
SWIG_LIB='/usr/local/share/swig/2.0.6'
SWILL=''
TCLCXXSHARED='$(CXX) -dynamiclib -undefined suppress -flat_namespace'
TCLDYNAMICLINKING=''
TCLINCLUDE=''
TCLLDSHARED='$(CC) -dynamiclib -undefined suppress -flat_namespace'
TCLLIB=''
TCL_SO='.dylib'
TRYLINKINGWITHCXX='CXXSHARED= g++ -bundle -undefined suppress -flat_namespace'
VERSION='2.0.6'
XINCLUDES='# no include files found'
XLIBSW='-lX11'
XMKMF=''
YACC='bison -y'
YFLAGS=''
YODL2HTML=''
YODL2MAN=''
ac_aux_dir='Tools/config'
ac_ct_CC='gcc'
ac_ct_CXX='g++'
ac_ct_OBJC='gcc'
am__EXEEXT_FALSE=''
am__EXEEXT_TRUE='#'
am__fastdepCC_FALSE='#'
am__fastdepCC_TRUE=''
am__fastdepCXX_FALSE='#'
am__fastdepCXX_TRUE=''
am__fastdepOBJC_FALSE='#'
am__fastdepOBJC_TRUE=''
am__include='include'
am__isrc=''
am__leading_dot='.'
am__nodep='_no'
am__quote=''
am__tar='$${TAR-tar} chof - "$$tardir"'
am__untar='$${TAR-tar} xf -'
bindir='${exec_prefix}/bin'
build='x86_64-apple-darwin16.6.0'
build_alias=''
build_cpu='x86_64'
build_os='darwin16.6.0'
build_vendor='apple'
datadir='${datarootdir}'
datarootdir='${prefix}/share'
docdir='${datarootdir}/doc/${PACKAGE_TARNAME}'
dvidir='${docdir}'
exec_prefix='${prefix}'
host='x86_64-apple-darwin16.6.0'
host_alias=''
host_cpu='x86_64'
host_os='darwin16.6.0'
host_vendor='apple'
htmldir='${docdir}'
includedir='${prefix}/include'
infodir='${datarootdir}/info'
install_sh='${SHELL} /Users/zhangpeng/code/foxrtc/foxrtc/tools/swig/Tools/config/install-sh'
libdir='${exec_prefix}/lib'
libexecdir='${exec_prefix}/libexec'
localedir='${datarootdir}/locale'
localstatedir='${prefix}/var'
mandir='${datarootdir}/man'
mkdir_p='$(MKDIR_P)'
oldincludedir='/usr/include'
pdfdir='${docdir}'
prefix='/usr/local'
program_transform_name='s,x,x,'
psdir='${docdir}'
sbindir='${exec_prefix}/sbin'
sharedstatedir='${prefix}/com'
subdirs=' CCache'
swig_lib='${datarootdir}/swig/2.0.6'
sysconfdir='${prefix}/etc'
target_alias=''

## ----------- ##
## confdefs.h. ##
## ----------- ##

/* confdefs.h */
#define PACKAGE_NAME "swig"
#define PACKAGE_TARNAME "swig"
#define PACKAGE_VERSION "2.0.6"
#define PACKAGE_STRING "swig 2.0.6"
#define PACKAGE_BUGREPORT "http://www.swig.org"
#define PACKAGE_URL ""
#define PACKAGE "swig"
#define VERSION "2.0.6"
#define SWIG_CXX "g++"
#define SWIG_PLATFORM "x86_64-apple-darwin16.6.0"
#define STDC_HEADERS 1
#define HAVE_SYS_TYPES_H 1
#define HAVE_SYS_STAT_H 1
#define HAVE_STDLIB_H 1
#define HAVE_STRING_H 1
#define HAVE_MEMORY_H 1
#define HAVE_STRINGS_H 1
#define HAVE_INTTYPES_H 1
#define HAVE_STDINT_H 1
#define HAVE_UNISTD_H 1
#define HAVE_BOOL 1
#define HAVE_POPEN 1
#define HAVE_PCRE 1
#define HAVE_LIBDL 1
#define SWIG_LIB "/usr/local/share/swig/2.0.6"
#define SWIG_LIB_WIN_UNIX ""

configure: exit 0
